The target system is: Android - 1 - armv7-a
The host system is: Linux - 5.11.0-43-generic - x86_64
Determining if the C compiler works passed with the following output:
Change Dir: /home/lsh/android_opencv_ndk/app/.cxx/RelWithDebInfo/4h135c24/armeabi-v7a/CMakeFiles/CMakeTmp

Run Build Command:"/home/lsh/Android/Sdk/cmake/3.10.2.4988404/bin/ninja" "cmTC_20e7d"
[1/2] Building C object CMakeFiles/cmTC_20e7d.dir/testCCompiler.c.o
[2/2] Linking C executable cmTC_20e7d


Detecting C compiler ABI info compiled with the following output:
Change Dir: /home/lsh/android_opencv_ndk/app/.cxx/RelWithDebInfo/4h135c24/armeabi-v7a/CMakeFiles/CMakeTmp

Run Build Command:"/home/lsh/Android/Sdk/cmake/3.10.2.4988404/bin/ninja" "cmTC_1e5de"
[1/2] Building C object CMakeFiles/cmTC_1e5de.dir/CMakeCCompilerABI.c.o
[2/2] Linking C executable cmTC_1e5de
Android clang version 5.0.300080  (based on LLVM 5.0.300080)
Target: armv7-none-linux-android
Thread model: posix
InstalledDir: /home/lsh/Android/Sdk/ndk/16.1.4479499/toolchains/llvm/prebuilt/linux-x86_64/bin
Found candidate GCC installation: /home/lsh/Android/Sdk/ndk/16.1.4479499/toolchains/arm-linux-androideabi-4.9/prebuilt/linux-x86_64/lib/gcc/arm-linux-androideabi/4.9.x
Selected GCC installation: /home/lsh/Android/Sdk/ndk/16.1.4479499/toolchains/arm-linux-androideabi-4.9/prebuilt/linux-x86_64/lib/gcc/arm-linux-androideabi/4.9.x
Candidate multilib: thumb;@thumb
Candidate multilib: armv7-a;@armv7
Candidate multilib: armv7-a/thumb;@armv7@thumb
Candidate multilib: .;
Selected multilib: armv7-a/thumb;@armv7@thumb
 "/home/lsh/Android/Sdk/ndk/16.1.4479499/toolchains/arm-linux-androideabi-4.9/prebuilt/linux-x86_64/lib/gcc/arm-linux-androideabi/4.9.x/../../../../arm-linux-androideabi/bin/ld" --sysroot=/home/lsh/Android/Sdk/ndk/16.1.4479499/platforms/android-26/arch-arm -pie -X --eh-frame-hdr -m armelf_linux_eabi -dynamic-linker /system/bin/linker -o cmTC_1e5de /home/lsh/Android/Sdk/ndk/16.1.4479499/platforms/android-26/arch-arm/usr/lib/../lib/crtbegin_dynamic.o -L/home/lsh/Android/Sdk/ndk/16.1.4479499/toolchains/llvm/prebuilt/linux-x86_64/lib64/clang/5.0.300080/lib/linux/arm -L/home/lsh/Android/Sdk/ndk/16.1.4479499/toolchains/arm-linux-androideabi-4.9/prebuilt/linux-x86_64/lib/gcc/arm-linux-androideabi/4.9.x/armv7-a/thumb -L/home/lsh/Android/Sdk/ndk/16.1.4479499/toolchains/arm-linux-androideabi-4.9/prebuilt/linux-x86_64/lib/gcc/arm-linux-androideabi/4.9.x/../../../../arm-linux-androideabi/lib/../lib/armv7-a/thumb -L/home/lsh/Android/Sdk/ndk/16.1.4479499/platforms/android-26/arch-arm/usr/lib/../lib -L/home/lsh/Android/Sdk/ndk/16.1.4479499/toolchains/arm-linux-androideabi-4.9/prebuilt/linux-x86_64/lib/gcc/arm-linux-androideabi/4.9.x/../../../../arm-linux-androideabi/lib/armv7-a/thumb -L/home/lsh/Android/Sdk/ndk/16.1.4479499/platforms/android-26/arch-arm/usr/lib --exclude-libs libgcc.a --exclude-libs libatomic.a --build-id --warn-shared-textrel --fatal-warnings --fix-cortex-a8 --no-undefined -z noexecstack -z relro -z now --gc-sections -z nocopyreloc CMakeFiles/cmTC_1e5de.dir/CMakeCCompilerABI.c.o -lgcc -ldl -lc -lgcc -ldl /home/lsh/Android/Sdk/ndk/16.1.4479499/platforms/android-26/arch-arm/usr/lib/../lib/crtend_android.o


Parsed C implicit link information from above output:
  link line regex: [^( *|.*[/\])(arm-linux-androideabi-ld|CMAKE_LINK_STARTFILE-NOTFOUND|([^/\]+-)?ld|collect2)[^/\]*( |$)]
  ignore line: [Change Dir: /home/lsh/android_opencv_ndk/app/.cxx/RelWithDebInfo/4h135c24/armeabi-v7a/CMakeFiles/CMakeTmp]
  ignore line: []
  ignore line: [Run Build Command:"/home/lsh/Android/Sdk/cmake/3.10.2.4988404/bin/ninja" "cmTC_1e5de"]
  ignore line: [[1/2] Building C object CMakeFiles/cmTC_1e5de.dir/CMakeCCompilerABI.c.o]
  ignore line: [[2/2] Linking C executable cmTC_1e5de]
  ignore line: [Android clang version 5.0.300080  (based on LLVM 5.0.300080)]
  ignore line: [Target: armv7-none-linux-android]
  ignore line: [Thread model: posix]
  ignore line: [InstalledDir: /home/lsh/Android/Sdk/ndk/16.1.4479499/toolchains/llvm/prebuilt/linux-x86_64/bin]
  ignore line: [Found candidate GCC installation: /home/lsh/Android/Sdk/ndk/16.1.4479499/toolchains/arm-linux-androideabi-4.9/prebuilt/linux-x86_64/lib/gcc/arm-linux-androideabi/4.9.x]
  ignore line: [Selected GCC installation: /home/lsh/Android/Sdk/ndk/16.1.4479499/toolchains/arm-linux-androideabi-4.9/prebuilt/linux-x86_64/lib/gcc/arm-linux-androideabi/4.9.x]
  ignore line: [Candidate multilib: thumb]
  ignore line: [@thumb]
  ignore line: [Candidate multilib: armv7-a]
  ignore line: [@armv7]
  ignore line: [Candidate multilib: armv7-a/thumb]
  ignore line: [@armv7@thumb]
  ignore line: [Candidate multilib: .]
  ignore line: []
  ignore line: [Selected multilib: armv7-a/thumb]
  ignore line: [@armv7@thumb]
  link line: [ "/home/lsh/Android/Sdk/ndk/16.1.4479499/toolchains/arm-linux-androideabi-4.9/prebuilt/linux-x86_64/lib/gcc/arm-linux-androideabi/4.9.x/../../../../arm-linux-androideabi/bin/ld" --sysroot=/home/lsh/Android/Sdk/ndk/16.1.4479499/platforms/android-26/arch-arm -pie -X --eh-frame-hdr -m armelf_linux_eabi -dynamic-linker /system/bin/linker -o cmTC_1e5de /home/lsh/Android/Sdk/ndk/16.1.4479499/platforms/android-26/arch-arm/usr/lib/../lib/crtbegin_dynamic.o -L/home/lsh/Android/Sdk/ndk/16.1.4479499/toolchains/llvm/prebuilt/linux-x86_64/lib64/clang/5.0.300080/lib/linux/arm -L/home/lsh/Android/Sdk/ndk/16.1.4479499/toolchains/arm-linux-androideabi-4.9/prebuilt/linux-x86_64/lib/gcc/arm-linux-androideabi/4.9.x/armv7-a/thumb -L/home/lsh/Android/Sdk/ndk/16.1.4479499/toolchains/arm-linux-androideabi-4.9/prebuilt/linux-x86_64/lib/gcc/arm-linux-androideabi/4.9.x/../../../../arm-linux-androideabi/lib/../lib/armv7-a/thumb -L/home/lsh/Android/Sdk/ndk/16.1.4479499/platforms/android-26/arch-arm/usr/lib/../lib -L/home/lsh/Android/Sdk/ndk/16.1.4479499/toolchains/arm-linux-androideabi-4.9/prebuilt/linux-x86_64/lib/gcc/arm-linux-androideabi/4.9.x/../../../../arm-linux-androideabi/lib/armv7-a/thumb -L/home/lsh/Android/Sdk/ndk/16.1.4479499/platforms/android-26/arch-arm/usr/lib --exclude-libs libgcc.a --exclude-libs libatomic.a --build-id --warn-shared-textrel --fatal-warnings --fix-cortex-a8 --no-undefined -z noexecstack -z relro -z now --gc-sections -z nocopyreloc CMakeFiles/cmTC_1e5de.dir/CMakeCCompilerABI.c.o -lgcc -ldl -lc -lgcc -ldl /home/lsh/Android/Sdk/ndk/16.1.4479499/platforms/android-26/arch-arm/usr/lib/../lib/crtend_android.o]
    arg [/home/lsh/Android/Sdk/ndk/16.1.4479499/toolchains/arm-linux-androideabi-4.9/prebuilt/linux-x86_64/lib/gcc/arm-linux-androideabi/4.9.x/../../../../arm-linux-androideabi/bin/ld] ==> ignore
    arg [--sysroot=/home/lsh/Android/Sdk/ndk/16.1.4479499/platforms/android-26/arch-arm] ==> ignore
    arg [-pie] ==> ignore
    arg [-X] ==> ignore
    arg [--eh-frame-hdr] ==> ignore
    arg [-m] ==> ignore
    arg [armelf_linux_eabi] ==> ignore
    arg [-dynamic-linker] ==> ignore
    arg [/system/bin/linker] ==> ignore
    arg [-o] ==> ignore
    arg [cmTC_1e5de] ==> ignore
    arg [/home/lsh/Android/Sdk/ndk/16.1.4479499/platforms/android-26/arch-arm/usr/lib/../lib/crtbegin_dynamic.o] ==> ignore
    arg [-L/home/lsh/Android/Sdk/ndk/16.1.4479499/toolchains/llvm/prebuilt/linux-x86_64/lib64/clang/5.0.300080/lib/linux/arm] ==> dir [/home/lsh/Android/Sdk/ndk/16.1.4479499/toolchains/llvm/prebuilt/linux-x86_64/lib64/clang/5.0.300080/lib/linux/arm]
    arg [-L/home/lsh/Android/Sdk/ndk/16.1.4479499/toolchains/arm-linux-androideabi-4.9/prebuilt/linux-x86_64/lib/gcc/arm-linux-androideabi/4.9.x/armv7-a/thumb] ==> dir [/home/lsh/Android/Sdk/ndk/16.1.4479499/toolchains/arm-linux-androideabi-4.9/prebuilt/linux-x86_64/lib/gcc/arm-linux-androideabi/4.9.x/armv7-a/thumb]
    arg [-L/home/lsh/Android/Sdk/ndk/16.1.4479499/toolchains/arm-linux-androideabi-4.9/prebuilt/linux-x86_64/lib/gcc/arm-linux-androideabi/4.9.x/../../../../arm-linux-androideabi/lib/../lib/armv7-a/thumb] ==> dir [/home/lsh/Android/Sdk/ndk/16.1.4479499/toolchains/arm-linux-androideabi-4.9/prebuilt/linux-x86_64/lib/gcc/arm-linux-androideabi/4.9.x/../../../../arm-linux-androideabi/lib/../lib/armv7-a/thumb]
    arg [-L/home/lsh/Android/Sdk/ndk/16.1.4479499/platforms/android-26/arch-arm/usr/lib/../lib] ==> dir [/home/lsh/Android/Sdk/ndk/16.1.4479499/platforms/android-26/arch-arm/usr/lib/../lib]
    arg [-L/home/lsh/Android/Sdk/ndk/16.1.4479499/toolchains/arm-linux-androideabi-4.9/prebuilt/linux-x86_64/lib/gcc/arm-linux-androideabi/4.9.x/../../../../arm-linux-androideabi/lib/armv7-a/thumb] ==> dir [/home/lsh/Android/Sdk/ndk/16.1.4479499/toolchains/arm-linux-androideabi-4.9/prebuilt/linux-x86_64/lib/gcc/arm-linux-androideabi/4.9.x/../../../../arm-linux-androideabi/lib/armv7-a/thumb]
    arg [-L/home/lsh/Android/Sdk/ndk/16.1.4479499/platforms/android-26/arch-arm/usr/lib] ==> dir [/home/lsh/Android/Sdk/ndk/16.1.4479499/platforms/android-26/arch-arm/usr/lib]
    arg [--exclude-libs] ==> ignore
    arg [libgcc.a] ==> ignore
    arg [--exclude-libs] ==> ignore
    arg [libatomic.a] ==> ignore
    arg [--build-id] ==> ignore
    arg [--warn-shared-textrel] ==> ignore
    arg [--fatal-warnings] ==> ignore
    arg [--fix-cortex-a8] ==> ignore
    arg [--no-undefined] ==> ignore
    arg [-znoexecstack] ==> ignore
    arg [-zrelro] ==> ignore
    arg [-znow] ==> ignore
    arg [--gc-sections] ==> ignore
    arg [-znocopyreloc] ==> ignore
    arg [CMakeFiles/cmTC_1e5de.dir/CMakeCCompilerABI.c.o] ==> ignore
    arg [-lgcc] ==> lib [gcc]
    arg [-ldl] ==> lib [dl]
    arg [-lc] ==> lib [c]
    arg [-lgcc] ==> lib [gcc]
    arg [-ldl] ==> lib [dl]
    arg [/home/lsh/Android/Sdk/ndk/16.1.4479499/platforms/android-26/arch-arm/usr/lib/../lib/crtend_android.o] ==> ignore
  collapse library dir [/home/lsh/Android/Sdk/ndk/16.1.4479499/toolchains/llvm/prebuilt/linux-x86_64/lib64/clang/5.0.300080/lib/linux/arm] ==> [/home/lsh/Android/Sdk/ndk/16.1.4479499/toolchains/llvm/prebuilt/linux-x86_64/lib64/clang/5.0.300080/lib/linux/arm]
  collapse library dir [/home/lsh/Android/Sdk/ndk/16.1.4479499/toolchains/arm-linux-androideabi-4.9/prebuilt/linux-x86_64/lib/gcc/arm-linux-androideabi/4.9.x/armv7-a/thumb] ==> [/home/lsh/Android/Sdk/ndk/16.1.4479499/toolchains/arm-linux-androideabi-4.9/prebuilt/linux-x86_64/lib/gcc/arm-linux-androideabi/4.9.x/armv7-a/thumb]
  collapse library dir [/home/lsh/Android/Sdk/ndk/16.1.4479499/toolchains/arm-linux-androideabi-4.9/prebuilt/linux-x86_64/lib/gcc/arm-linux-androideabi/4.9.x/../../../../arm-linux-androideabi/lib/../lib/armv7-a/thumb] ==> [/home/lsh/Android/Sdk/ndk/16.1.4479499/toolchains/arm-linux-androideabi-4.9/prebuilt/linux-x86_64/arm-linux-androideabi/lib/armv7-a/thumb]
  collapse library dir [/home/lsh/Android/Sdk/ndk/16.1.4479499/platforms/android-26/arch-arm/usr/lib/../lib] ==> [/home/lsh/Android/Sdk/ndk/16.1.4479499/platforms/android-26/arch-arm/usr/lib]
  collapse library dir [/home/lsh/Android/Sdk/ndk/16.1.4479499/toolchains/arm-linux-androideabi-4.9/prebuilt/linux-x86_64/lib/gcc/arm-linux-androideabi/4.9.x/../../../../arm-linux-androideabi/lib/armv7-a/thumb] ==> [/home/lsh/Android/Sdk/ndk/16.1.4479499/toolchains/arm-linux-androideabi-4.9/prebuilt/linux-x86_64/arm-linux-androideabi/lib/armv7-a/thumb]
  collapse library dir [/home/lsh/Android/Sdk/ndk/16.1.4479499/platforms/android-26/arch-arm/usr/lib] ==> [/home/lsh/Android/Sdk/ndk/16.1.4479499/platforms/android-26/arch-arm/usr/lib]
  implicit libs: [gcc;dl;c;gcc;dl]
  implicit dirs: [/home/lsh/Android/Sdk/ndk/16.1.4479499/toolchains/llvm/prebuilt/linux-x86_64/lib64/clang/5.0.300080/lib/linux/arm;/home/lsh/Android/Sdk/ndk/16.1.4479499/toolchains/arm-linux-androideabi-4.9/prebuilt/linux-x86_64/lib/gcc/arm-linux-androideabi/4.9.x/armv7-a/thumb;/home/lsh/Android/Sdk/ndk/16.1.4479499/toolchains/arm-linux-androideabi-4.9/prebuilt/linux-x86_64/arm-linux-androideabi/lib/armv7-a/thumb;/home/lsh/Android/Sdk/ndk/16.1.4479499/platforms/android-26/arch-arm/usr/lib]
  implicit fwks: []




Detecting C [-std=c11] compiler features compiled with the following output:
Change Dir: /home/lsh/android_opencv_ndk/app/.cxx/RelWithDebInfo/4h135c24/armeabi-v7a/CMakeFiles/CMakeTmp

Run Build Command:"/home/lsh/Android/Sdk/cmake/3.10.2.4988404/bin/ninja" "cmTC_b04bf"
[1/2] Building C object CMakeFiles/cmTC_b04bf.dir/feature_tests.c.o
[2/2] Linking C executable cmTC_b04bf


    Feature record: C_FEATURE:1c_function_prototypes
    Feature record: C_FEATURE:1c_restrict
    Feature record: C_FEATURE:1c_static_assert
    Feature record: C_FEATURE:1c_variadic_macros


Detecting C [-std=c99] compiler features compiled with the following output:
Change Dir: /home/lsh/android_opencv_ndk/app/.cxx/RelWithDebInfo/4h135c24/armeabi-v7a/CMakeFiles/CMakeTmp

Run Build Command:"/home/lsh/Android/Sdk/cmake/3.10.2.4988404/bin/ninja" "cmTC_8abfe"
[1/2] Building C object CMakeFiles/cmTC_8abfe.dir/feature_tests.c.o
[2/2] Linking C executable cmTC_8abfe


    Feature record: C_FEATURE:1c_function_prototypes
    Feature record: C_FEATURE:1c_restrict
    Feature record: C_FEATURE:0c_static_assert
    Feature record: C_FEATURE:1c_variadic_macros


Detecting C [-std=c90] compiler features compiled with the following output:
Change Dir: /home/lsh/android_opencv_ndk/app/.cxx/RelWithDebInfo/4h135c24/armeabi-v7a/CMakeFiles/CMakeTmp

Run Build Command:"/home/lsh/Android/Sdk/cmake/3.10.2.4988404/bin/ninja" "cmTC_badf7"
[1/2] Building C object CMakeFiles/cmTC_badf7.dir/feature_tests.c.o
[2/2] Linking C executable cmTC_badf7


    Feature record: C_FEATURE:1c_function_prototypes
    Feature record: C_FEATURE:0c_restrict
    Feature record: C_FEATURE:0c_static_assert
    Feature record: C_FEATURE:0c_variadic_macros
