The target system is: Android - 1 - armv7-a
The host system is: Linux - 5.11.0-43-generic - x86_64
Determining if the C compiler works passed with the following output:
Change Dir: /home/lsh/android_opencv_ndk/app/.cxx/Debug/3l496z5b/armeabi-v7a/CMakeFiles/CMakeTmp

Run Build Command:"/home/lsh/Android/Sdk/cmake/3.10.2.4988404/bin/ninja" "cmTC_6db34"
[1/2] Building C object CMakeFiles/cmTC_6db34.dir/testCCompiler.c.o
[2/2] Linking C executable cmTC_6db34


Detecting C compiler ABI info compiled with the following output:
Change Dir: /home/lsh/android_opencv_ndk/app/.cxx/Debug/3l496z5b/armeabi-v7a/CMakeFiles/CMakeTmp

Run Build Command:"/home/lsh/Android/Sdk/cmake/3.10.2.4988404/bin/ninja" "cmTC_4817d"
[1/2] Building C object CMakeFiles/cmTC_4817d.dir/CMakeCCompilerABI.c.o
[2/2] Linking C executable cmTC_4817d
Android (5058415 based on r339409) clang version 8.0.2 (https://android.googlesource.com/toolchain/clang 40173bab62ec746213857d083c0e8b0abb568790) (https://android.googlesource.com/toolchain/llvm 7a6618d69e7e8111e1d49dc9e7813767c5ca756a) (based on LLVM 8.0.2svn)
Target: armv7-none-linux-android26
Thread model: posix
InstalledDir: /home/lsh/Android/Sdk/ndk/19.2.5345600/toolchains/llvm/prebuilt/linux-x86_64/bin
Found candidate GCC installation: /home/lsh/Android/Sdk/ndk/19.2.5345600/toolchains/llvm/prebuilt/linux-x86_64/lib/gcc/arm-linux-androideabi/4.9.x
Selected GCC installation: /home/lsh/Android/Sdk/ndk/19.2.5345600/toolchains/llvm/prebuilt/linux-x86_64/lib/gcc/arm-linux-androideabi/4.9.x
Candidate multilib: thumb;@mthumb
Candidate multilib: armv7-a;@march=armv7-a
Candidate multilib: armv7-a/thumb;@march=armv7-a@mthumb
Candidate multilib: .;
Selected multilib: armv7-a/thumb;@march=armv7-a@mthumb
 "/home/lsh/Android/Sdk/ndk/19.2.5345600/toolchains/llvm/prebuilt/linux-x86_64/lib/gcc/arm-linux-androideabi/4.9.x/../../../../arm-linux-androideabi/bin/ld" --sysroot=/home/lsh/Android/Sdk/ndk/19.2.5345600/toolchains/llvm/prebuilt/linux-x86_64/sysroot -pie -X --enable-new-dtags --eh-frame-hdr -m armelf_linux_eabi -dynamic-linker /system/bin/linker -o cmTC_4817d /home/lsh/Android/Sdk/ndk/19.2.5345600/toolchains/llvm/prebuilt/linux-x86_64/sysroot/usr/lib/arm-linux-androideabi/26/crtbegin_dynamic.o -L/home/lsh/Android/Sdk/ndk/19.2.5345600/toolchains/llvm/prebuilt/linux-x86_64/lib64/clang/8.0.2/lib/linux/arm -L/home/lsh/Android/Sdk/ndk/19.2.5345600/toolchains/llvm/prebuilt/linux-x86_64/lib/gcc/arm-linux-androideabi/4.9.x/armv7-a/thumb -L/home/lsh/Android/Sdk/ndk/19.2.5345600/toolchains/llvm/prebuilt/linux-x86_64/lib/gcc/arm-linux-androideabi/4.9.x/../../../../arm-linux-androideabi/lib/../lib/armv7-a/thumb -L/home/lsh/Android/Sdk/ndk/19.2.5345600/toolchains/llvm/prebuilt/linux-x86_64/sysroot/usr/lib/arm-linux-androideabi/26 -L/home/lsh/Android/Sdk/ndk/19.2.5345600/toolchains/llvm/prebuilt/linux-x86_64/sysroot/usr/lib/arm-linux-androideabi -L/home/lsh/Android/Sdk/ndk/19.2.5345600/toolchains/llvm/prebuilt/linux-x86_64/sysroot/usr/lib/../lib -L/home/lsh/Android/Sdk/ndk/19.2.5345600/toolchains/llvm/prebuilt/linux-x86_64/sysroot/usr/lib/arm-linux-androideabi/../../lib -L/home/lsh/Android/Sdk/ndk/19.2.5345600/toolchains/llvm/prebuilt/linux-x86_64/lib/gcc/arm-linux-androideabi/4.9.x/../../../../arm-linux-androideabi/lib/armv7-a/thumb -L/home/lsh/Android/Sdk/ndk/19.2.5345600/toolchains/llvm/prebuilt/linux-x86_64/sysroot/usr/lib --exclude-libs libgcc.a --exclude-libs libatomic.a --build-id --warn-shared-textrel --fatal-warnings --exclude-libs libunwind.a --no-undefined -z noexecstack -z relro -z now --gc-sections CMakeFiles/cmTC_4817d.dir/CMakeCCompilerABI.c.o -lgcc -ldl -lc -lgcc -ldl /home/lsh/Android/Sdk/ndk/19.2.5345600/toolchains/llvm/prebuilt/linux-x86_64/sysroot/usr/lib/arm-linux-androideabi/26/crtend_android.o


Parsed C implicit link information from above output:
  link line regex: [^( *|.*[/\])(arm-linux-androideabi-ld|CMAKE_LINK_STARTFILE-NOTFOUND|([^/\]+-)?ld|collect2)[^/\]*( |$)]
  ignore line: [Change Dir: /home/lsh/android_opencv_ndk/app/.cxx/Debug/3l496z5b/armeabi-v7a/CMakeFiles/CMakeTmp]
  ignore line: []
  ignore line: [Run Build Command:"/home/lsh/Android/Sdk/cmake/3.10.2.4988404/bin/ninja" "cmTC_4817d"]
  ignore line: [[1/2] Building C object CMakeFiles/cmTC_4817d.dir/CMakeCCompilerABI.c.o]
  ignore line: [[2/2] Linking C executable cmTC_4817d]
  ignore line: [Android (5058415 based on r339409) clang version 8.0.2 (https://android.googlesource.com/toolchain/clang 40173bab62ec746213857d083c0e8b0abb568790) (https://android.googlesource.com/toolchain/llvm 7a6618d69e7e8111e1d49dc9e7813767c5ca756a) (based on LLVM 8.0.2svn)]
  ignore line: [Target: armv7-none-linux-android26]
  ignore line: [Thread model: posix]
  ignore line: [InstalledDir: /home/lsh/Android/Sdk/ndk/19.2.5345600/toolchains/llvm/prebuilt/linux-x86_64/bin]
  ignore line: [Found candidate GCC installation: /home/lsh/Android/Sdk/ndk/19.2.5345600/toolchains/llvm/prebuilt/linux-x86_64/lib/gcc/arm-linux-androideabi/4.9.x]
  ignore line: [Selected GCC installation: /home/lsh/Android/Sdk/ndk/19.2.5345600/toolchains/llvm/prebuilt/linux-x86_64/lib/gcc/arm-linux-androideabi/4.9.x]
  ignore line: [Candidate multilib: thumb]
  ignore line: [@mthumb]
  ignore line: [Candidate multilib: armv7-a]
  ignore line: [@march=armv7-a]
  ignore line: [Candidate multilib: armv7-a/thumb]
  ignore line: [@march=armv7-a@mthumb]
  ignore line: [Candidate multilib: .]
  ignore line: []
  ignore line: [Selected multilib: armv7-a/thumb]
  ignore line: [@march=armv7-a@mthumb]
  link line: [ "/home/lsh/Android/Sdk/ndk/19.2.5345600/toolchains/llvm/prebuilt/linux-x86_64/lib/gcc/arm-linux-androideabi/4.9.x/../../../../arm-linux-androideabi/bin/ld" --sysroot=/home/lsh/Android/Sdk/ndk/19.2.5345600/toolchains/llvm/prebuilt/linux-x86_64/sysroot -pie -X --enable-new-dtags --eh-frame-hdr -m armelf_linux_eabi -dynamic-linker /system/bin/linker -o cmTC_4817d /home/lsh/Android/Sdk/ndk/19.2.5345600/toolchains/llvm/prebuilt/linux-x86_64/sysroot/usr/lib/arm-linux-androideabi/26/crtbegin_dynamic.o -L/home/lsh/Android/Sdk/ndk/19.2.5345600/toolchains/llvm/prebuilt/linux-x86_64/lib64/clang/8.0.2/lib/linux/arm -L/home/lsh/Android/Sdk/ndk/19.2.5345600/toolchains/llvm/prebuilt/linux-x86_64/lib/gcc/arm-linux-androideabi/4.9.x/armv7-a/thumb -L/home/lsh/Android/Sdk/ndk/19.2.5345600/toolchains/llvm/prebuilt/linux-x86_64/lib/gcc/arm-linux-androideabi/4.9.x/../../../../arm-linux-androideabi/lib/../lib/armv7-a/thumb -L/home/lsh/Android/Sdk/ndk/19.2.5345600/toolchains/llvm/prebuilt/linux-x86_64/sysroot/usr/lib/arm-linux-androideabi/26 -L/home/lsh/Android/Sdk/ndk/19.2.5345600/toolchains/llvm/prebuilt/linux-x86_64/sysroot/usr/lib/arm-linux-androideabi -L/home/lsh/Android/Sdk/ndk/19.2.5345600/toolchains/llvm/prebuilt/linux-x86_64/sysroot/usr/lib/../lib -L/home/lsh/Android/Sdk/ndk/19.2.5345600/toolchains/llvm/prebuilt/linux-x86_64/sysroot/usr/lib/arm-linux-androideabi/../../lib -L/home/lsh/Android/Sdk/ndk/19.2.5345600/toolchains/llvm/prebuilt/linux-x86_64/lib/gcc/arm-linux-androideabi/4.9.x/../../../../arm-linux-androideabi/lib/armv7-a/thumb -L/home/lsh/Android/Sdk/ndk/19.2.5345600/toolchains/llvm/prebuilt/linux-x86_64/sysroot/usr/lib --exclude-libs libgcc.a --exclude-libs libatomic.a --build-id --warn-shared-textrel --fatal-warnings --exclude-libs libunwind.a --no-undefined -z noexecstack -z relro -z now --gc-sections CMakeFiles/cmTC_4817d.dir/CMakeCCompilerABI.c.o -lgcc -ldl -lc -lgcc -ldl /home/lsh/Android/Sdk/ndk/19.2.5345600/toolchains/llvm/prebuilt/linux-x86_64/sysroot/usr/lib/arm-linux-androideabi/26/crtend_android.o]
    arg [/home/lsh/Android/Sdk/ndk/19.2.5345600/toolchains/llvm/prebuilt/linux-x86_64/lib/gcc/arm-linux-androideabi/4.9.x/../../../../arm-linux-androideabi/bin/ld] ==> ignore
    arg [--sysroot=/home/lsh/Android/Sdk/ndk/19.2.5345600/toolchains/llvm/prebuilt/linux-x86_64/sysroot] ==> ignore
    arg [-pie] ==> ignore
    arg [-X] ==> ignore
    arg [--enable-new-dtags] ==> ignore
    arg [--eh-frame-hdr] ==> ignore
    arg [-m] ==> ignore
    arg [armelf_linux_eabi] ==> ignore
    arg [-dynamic-linker] ==> ignore
    arg [/system/bin/linker] ==> ignore
    arg [-o] ==> ignore
    arg [cmTC_4817d] ==> ignore
    arg [/home/lsh/Android/Sdk/ndk/19.2.5345600/toolchains/llvm/prebuilt/linux-x86_64/sysroot/usr/lib/arm-linux-androideabi/26/crtbegin_dynamic.o] ==> ignore
    arg [-L/home/lsh/Android/Sdk/ndk/19.2.5345600/toolchains/llvm/prebuilt/linux-x86_64/lib64/clang/8.0.2/lib/linux/arm] ==> dir [/home/lsh/Android/Sdk/ndk/19.2.5345600/toolchains/llvm/prebuilt/linux-x86_64/lib64/clang/8.0.2/lib/linux/arm]
    arg [-L/home/lsh/Android/Sdk/ndk/19.2.5345600/toolchains/llvm/prebuilt/linux-x86_64/lib/gcc/arm-linux-androideabi/4.9.x/armv7-a/thumb] ==> dir [/home/lsh/Android/Sdk/ndk/19.2.5345600/toolchains/llvm/prebuilt/linux-x86_64/lib/gcc/arm-linux-androideabi/4.9.x/armv7-a/thumb]
    arg [-L/home/lsh/Android/Sdk/ndk/19.2.5345600/toolchains/llvm/prebuilt/linux-x86_64/lib/gcc/arm-linux-androideabi/4.9.x/../../../../arm-linux-androideabi/lib/../lib/armv7-a/thumb] ==> dir [/home/lsh/Android/Sdk/ndk/19.2.5345600/toolchains/llvm/prebuilt/linux-x86_64/lib/gcc/arm-linux-androideabi/4.9.x/../../../../arm-linux-androideabi/lib/../lib/armv7-a/thumb]
    arg [-L/home/lsh/Android/Sdk/ndk/19.2.5345600/toolchains/llvm/prebuilt/linux-x86_64/sysroot/usr/lib/arm-linux-androideabi/26] ==> dir [/home/lsh/Android/Sdk/ndk/19.2.5345600/toolchains/llvm/prebuilt/linux-x86_64/sysroot/usr/lib/arm-linux-androideabi/26]
    arg [-L/home/lsh/Android/Sdk/ndk/19.2.5345600/toolchains/llvm/prebuilt/linux-x86_64/sysroot/usr/lib/arm-linux-androideabi] ==> dir [/home/lsh/Android/Sdk/ndk/19.2.5345600/toolchains/llvm/prebuilt/linux-x86_64/sysroot/usr/lib/arm-linux-androideabi]
    arg [-L/home/lsh/Android/Sdk/ndk/19.2.5345600/toolchains/llvm/prebuilt/linux-x86_64/sysroot/usr/lib/../lib] ==> dir [/home/lsh/Android/Sdk/ndk/19.2.5345600/toolchains/llvm/prebuilt/linux-x86_64/sysroot/usr/lib/../lib]
    arg [-L/home/lsh/Android/Sdk/ndk/19.2.5345600/toolchains/llvm/prebuilt/linux-x86_64/sysroot/usr/lib/arm-linux-androideabi/../../lib] ==> dir [/home/lsh/Android/Sdk/ndk/19.2.5345600/toolchains/llvm/prebuilt/linux-x86_64/sysroot/usr/lib/arm-linux-androideabi/../../lib]
    arg [-L/home/lsh/Android/Sdk/ndk/19.2.5345600/toolchains/llvm/prebuilt/linux-x86_64/lib/gcc/arm-linux-androideabi/4.9.x/../../../../arm-linux-androideabi/lib/armv7-a/thumb] ==> dir [/home/lsh/Android/Sdk/ndk/19.2.5345600/toolchains/llvm/prebuilt/linux-x86_64/lib/gcc/arm-linux-androideabi/4.9.x/../../../../arm-linux-androideabi/lib/armv7-a/thumb]
    arg [-L/home/lsh/Android/Sdk/ndk/19.2.5345600/toolchains/llvm/prebuilt/linux-x86_64/sysroot/usr/lib] ==> dir [/home/lsh/Android/Sdk/ndk/19.2.5345600/toolchains/llvm/prebuilt/linux-x86_64/sysroot/usr/lib]
    arg [--exclude-libs] ==> ignore
    arg [libgcc.a] ==> ignore
    arg [--exclude-libs] ==> ignore
    arg [libatomic.a] ==> ignore
    arg [--build-id] ==> ignore
    arg [--warn-shared-textrel] ==> ignore
    arg [--fatal-warnings] ==> ignore
    arg [--exclude-libs] ==> ignore
    arg [libunwind.a] ==> ignore
    arg [--no-undefined] ==> ignore
    arg [-znoexecstack] ==> ignore
    arg [-zrelro] ==> ignore
    arg [-znow] ==> ignore
    arg [--gc-sections] ==> ignore
    arg [CMakeFiles/cmTC_4817d.dir/CMakeCCompilerABI.c.o] ==> ignore
    arg [-lgcc] ==> lib [gcc]
    arg [-ldl] ==> lib [dl]
    arg [-lc] ==> lib [c]
    arg [-lgcc] ==> lib [gcc]
    arg [-ldl] ==> lib [dl]
    arg [/home/lsh/Android/Sdk/ndk/19.2.5345600/toolchains/llvm/prebuilt/linux-x86_64/sysroot/usr/lib/arm-linux-androideabi/26/crtend_android.o] ==> ignore
  collapse library dir [/home/lsh/Android/Sdk/ndk/19.2.5345600/toolchains/llvm/prebuilt/linux-x86_64/lib64/clang/8.0.2/lib/linux/arm] ==> [/home/lsh/Android/Sdk/ndk/19.2.5345600/toolchains/llvm/prebuilt/linux-x86_64/lib64/clang/8.0.2/lib/linux/arm]
  collapse library dir [/home/lsh/Android/Sdk/ndk/19.2.5345600/toolchains/llvm/prebuilt/linux-x86_64/lib/gcc/arm-linux-androideabi/4.9.x/armv7-a/thumb] ==> [/home/lsh/Android/Sdk/ndk/19.2.5345600/toolchains/llvm/prebuilt/linux-x86_64/lib/gcc/arm-linux-androideabi/4.9.x/armv7-a/thumb]
  collapse library dir [/home/lsh/Android/Sdk/ndk/19.2.5345600/toolchains/llvm/prebuilt/linux-x86_64/lib/gcc/arm-linux-androideabi/4.9.x/../../../../arm-linux-androideabi/lib/../lib/armv7-a/thumb] ==> [/home/lsh/Android/Sdk/ndk/19.2.5345600/toolchains/llvm/prebuilt/linux-x86_64/arm-linux-androideabi/lib/armv7-a/thumb]
  collapse library dir [/home/lsh/Android/Sdk/ndk/19.2.5345600/toolchains/llvm/prebuilt/linux-x86_64/sysroot/usr/lib/arm-linux-androideabi/26] ==> [/home/lsh/Android/Sdk/ndk/19.2.5345600/toolchains/llvm/prebuilt/linux-x86_64/sysroot/usr/lib/arm-linux-androideabi/26]
  collapse library dir [/home/lsh/Android/Sdk/ndk/19.2.5345600/toolchains/llvm/prebuilt/linux-x86_64/sysroot/usr/lib/arm-linux-androideabi] ==> [/home/lsh/Android/Sdk/ndk/19.2.5345600/toolchains/llvm/prebuilt/linux-x86_64/sysroot/usr/lib/arm-linux-androideabi]
  collapse library dir [/home/lsh/Android/Sdk/ndk/19.2.5345600/toolchains/llvm/prebuilt/linux-x86_64/sysroot/usr/lib/../lib] ==> [/home/lsh/Android/Sdk/ndk/19.2.5345600/toolchains/llvm/prebuilt/linux-x86_64/sysroot/usr/lib]
  collapse library dir [/home/lsh/Android/Sdk/ndk/19.2.5345600/toolchains/llvm/prebuilt/linux-x86_64/sysroot/usr/lib/arm-linux-androideabi/../../lib] ==> [/home/lsh/Android/Sdk/ndk/19.2.5345600/toolchains/llvm/prebuilt/linux-x86_64/sysroot/usr/lib]
  collapse library dir [/home/lsh/Android/Sdk/ndk/19.2.5345600/toolchains/llvm/prebuilt/linux-x86_64/lib/gcc/arm-linux-androideabi/4.9.x/../../../../arm-linux-androideabi/lib/armv7-a/thumb] ==> [/home/lsh/Android/Sdk/ndk/19.2.5345600/toolchains/llvm/prebuilt/linux-x86_64/arm-linux-androideabi/lib/armv7-a/thumb]
  collapse library dir [/home/lsh/Android/Sdk/ndk/19.2.5345600/toolchains/llvm/prebuilt/linux-x86_64/sysroot/usr/lib] ==> [/home/lsh/Android/Sdk/ndk/19.2.5345600/toolchains/llvm/prebuilt/linux-x86_64/sysroot/usr/lib]
  implicit libs: [gcc;dl;c;gcc;dl]
  implicit dirs: [/home/lsh/Android/Sdk/ndk/19.2.5345600/toolchains/llvm/prebuilt/linux-x86_64/lib64/clang/8.0.2/lib/linux/arm;/home/lsh/Android/Sdk/ndk/19.2.5345600/toolchains/llvm/prebuilt/linux-x86_64/lib/gcc/arm-linux-androideabi/4.9.x/armv7-a/thumb;/home/lsh/Android/Sdk/ndk/19.2.5345600/toolchains/llvm/prebuilt/linux-x86_64/arm-linux-androideabi/lib/armv7-a/thumb;/home/lsh/Android/Sdk/ndk/19.2.5345600/toolchains/llvm/prebuilt/linux-x86_64/sysroot/usr/lib/arm-linux-androideabi/26;/home/lsh/Android/Sdk/ndk/19.2.5345600/toolchains/llvm/prebuilt/linux-x86_64/sysroot/usr/lib/arm-linux-androideabi;/home/lsh/Android/Sdk/ndk/19.2.5345600/toolchains/llvm/prebuilt/linux-x86_64/sysroot/usr/lib]
  implicit fwks: []




Detecting C [-std=c11] compiler features compiled with the following output:
Change Dir: /home/lsh/android_opencv_ndk/app/.cxx/Debug/3l496z5b/armeabi-v7a/CMakeFiles/CMakeTmp

Run Build Command:"/home/lsh/Android/Sdk/cmake/3.10.2.4988404/bin/ninja" "cmTC_c2fb4"
[1/2] Building C object CMakeFiles/cmTC_c2fb4.dir/feature_tests.c.o
[2/2] Linking C executable cmTC_c2fb4


    Feature record: C_FEATURE:1c_function_prototypes
    Feature record: C_FEATURE:1c_restrict
    Feature record: C_FEATURE:1c_static_assert
    Feature record: C_FEATURE:1c_variadic_macros


Detecting C [-std=c99] compiler features compiled with the following output:
Change Dir: /home/lsh/android_opencv_ndk/app/.cxx/Debug/3l496z5b/armeabi-v7a/CMakeFiles/CMakeTmp

Run Build Command:"/home/lsh/Android/Sdk/cmake/3.10.2.4988404/bin/ninja" "cmTC_9d097"
[1/2] Building C object CMakeFiles/cmTC_9d097.dir/feature_tests.c.o
[2/2] Linking C executable cmTC_9d097


    Feature record: C_FEATURE:1c_function_prototypes
    Feature record: C_FEATURE:1c_restrict
    Feature record: C_FEATURE:0c_static_assert
    Feature record: C_FEATURE:1c_variadic_macros


Detecting C [-std=c90] compiler features compiled with the following output:
Change Dir: /home/lsh/android_opencv_ndk/app/.cxx/Debug/3l496z5b/armeabi-v7a/CMakeFiles/CMakeTmp

Run Build Command:"/home/lsh/Android/Sdk/cmake/3.10.2.4988404/bin/ninja" "cmTC_bd979"
[1/2] Building C object CMakeFiles/cmTC_bd979.dir/feature_tests.c.o
[2/2] Linking C executable cmTC_bd979


    Feature record: C_FEATURE:1c_function_prototypes
    Feature record: C_FEATURE:0c_restrict
    Feature record: C_FEATURE:0c_static_assert
    Feature record: C_FEATURE:0c_variadic_macros
